Library/Bee/Android/Prj/Mono2x/Gradle/launcher/build/intermediates/manifest_merge_blame_file/release/manifest-merger-blame-release-report.txt
1<?xml version="1.0" encoding="utf-8"?>
2<manifest xmlns:android="http://schemas.android.com/apk/res/android"
3    package="com.DefaultCompany.Neuralsmash"
4    android:installLocation="preferExternal"
5    android:versionCode="1"
6    android:versionName="0.1" >
7
8    <uses-sdk
9        android:minSdkVersion="22"
9-->src/main/AndroidManifest.xml
10        android:targetSdkVersion="33" />
10-->src/main/AndroidManifest.xml
11
12    <supports-screens
12-->src/main/AndroidManifest.xml:3:3-163
13        android:anyDensity="true"
13-->src/main/AndroidManifest.xml:3:135-160
14        android:largeScreens="true"
14-->src/main/AndroidManifest.xml:3:78-105
15        android:normalScreens="true"
15-->src/main/AndroidManifest.xml:3:49-77
16        android:smallScreens="true"
16-->src/main/AndroidManifest.xml:3:21-48
17        android:xlargeScreens="true" />
17-->src/main/AndroidManifest.xml:3:106-134
18
19    <uses-feature android:glEsVersion="0x00030000" />
19-->[:unityLibrary] AndroidManifest.xml:12:5-54
19-->[:unityLibrary] AndroidManifest.xml:12:19-51
20    <uses-feature
20-->[:unityLibrary] AndroidManifest.xml:13:5-15:36
21        android:name="android.hardware.vulkan.version"
21-->[:unityLibrary] AndroidManifest.xml:14:9-55
22        android:required="false" />
22-->[:unityLibrary] AndroidManifest.xml:15:9-33
23
24    <uses-permission android:name="android.permission.INTERNET" />
24-->[:unityLibrary] AndroidManifest.xml:17:5-67
24-->[:unityLibrary] AndroidManifest.xml:17:22-64
25    <uses-permission android:name="android.permission.VIBRATE" />
25-->[:unityLibrary] AndroidManifest.xml:18:5-66
25-->[:unityLibrary] AndroidManifest.xml:18:22-63
26    <uses-permission android:name="android.permission.ACCESS_NETWORK_STATE" />
26-->[:unityLibrary] AndroidManifest.xml:19:5-79
26-->[:unityLibrary] AndroidManifest.xml:19:22-76
27
28    <uses-feature
28-->[:unityLibrary] AndroidManifest.xml:21:5-23:36
29        android:name="android.hardware.touchscreen"
29-->[:unityLibrary] AndroidManifest.xml:22:9-52
30        android:required="false" />
30-->[:unityLibrary] AndroidManifest.xml:23:9-33
31    <uses-feature
31-->[:unityLibrary] AndroidManifest.xml:24:5-26:36
32        android:name="android.hardware.touchscreen.multitouch"
32-->[:unityLibrary] AndroidManifest.xml:25:9-63
33        android:required="false" />
33-->[:unityLibrary] AndroidManifest.xml:26:9-33
34    <uses-feature
34-->[:unityLibrary] AndroidManifest.xml:27:5-29:36
35        android:name="android.hardware.touchscreen.multitouch.distinct"
35-->[:unityLibrary] AndroidManifest.xml:28:9-72
36        android:required="false" />
36-->[:unityLibrary] AndroidManifest.xml:29:9-33
37
38    <application
38-->src/main/AndroidManifest.xml:4:3-83
39        android:extractNativeLibs="true"
39-->[:unityLibrary] AndroidManifest.xml:31:18-50
40        android:icon="@mipmap/app_icon"
40-->src/main/AndroidManifest.xml:4:49-80
41        android:label="@string/app_name" >
41-->src/main/AndroidManifest.xml:4:16-48
42        <activity
42-->[:unityLibrary] AndroidManifest.xml:32:9-53:20
43            android:name="com.unity3d.player.UnityPlayerActivity"
43-->[:unityLibrary] AndroidManifest.xml:33:13-66
44            android:configChanges="mcc|mnc|locale|touchscreen|keyboard|keyboardHidden|navigation|orientation|screenLayout|uiMode|screenSize|smallestScreenSize|fontScale|layoutDirection|density"
44-->[:unityLibrary] AndroidManifest.xml:34:13-194
45            android:exported="true"
45-->[:unityLibrary] AndroidManifest.xml:35:13-36
46            android:hardwareAccelerated="false"
46-->[:unityLibrary] AndroidManifest.xml:36:13-48
47            android:launchMode="singleTask"
47-->[:unityLibrary] AndroidManifest.xml:37:13-44
48            android:resizeableActivity="false"
48-->[:unityLibrary] AndroidManifest.xml:38:13-47
49            android:screenOrientation="fullUser"
49-->[:unityLibrary] AndroidManifest.xml:39:13-49
50            android:theme="@style/UnityThemeSelector" >
50-->[:unityLibrary] AndroidManifest.xml:40:13-54
51            <intent-filter>
51-->[:unityLibrary] AndroidManifest.xml:41:13-45:29
52                <action android:name="android.intent.action.MAIN" />
52-->[:unityLibrary] AndroidManifest.xml:42:17-69
52-->[:unityLibrary] AndroidManifest.xml:42:25-66
53
54                <category android:name="android.intent.category.LAUNCHER" />
54-->[:unityLibrary] AndroidManifest.xml:44:17-77
54-->[:unityLibrary] AndroidManifest.xml:44:27-74
55            </intent-filter>
56
57            <meta-data
57-->[:unityLibrary] AndroidManifest.xml:47:13-49:40
58                android:name="unityplayer.UnityActivity"
58-->[:unityLibrary] AndroidManifest.xml:48:17-57
59                android:value="true" />
59-->[:unityLibrary] AndroidManifest.xml:49:17-37
60            <meta-data
60-->[:unityLibrary] AndroidManifest.xml:50:13-52:40
61                android:name="android.notch_support"
61-->[:unityLibrary] AndroidManifest.xml:51:17-53
62                android:value="true" />
62-->[:unityLibrary] AndroidManifest.xml:52:17-37
63        </activity>
64
65        <meta-data
65-->[:unityLibrary] AndroidManifest.xml:55:9-57:33
66            android:name="unity.splash-mode"
66-->[:unityLibrary] AndroidManifest.xml:56:13-45
67            android:value="0" />
67-->[:unityLibrary] AndroidManifest.xml:57:13-30
68        <meta-data
68-->[:unityLibrary] AndroidManifest.xml:58:9-60:36
69            android:name="unity.splash-enable"
69-->[:unityLibrary] AndroidManifest.xml:59:13-47
70            android:value="True" />
70-->[:unityLibrary] AndroidManifest.xml:60:13-33
71        <meta-data
71-->[:unityLibrary] AndroidManifest.xml:61:9-63:36
72            android:name="unity.launch-fullscreen"
72-->[:unityLibrary] AndroidManifest.xml:62:13-51
73            android:value="True" />
73-->[:unityLibrary] AndroidManifest.xml:63:13-33
74        <meta-data
74-->[:unityLibrary] AndroidManifest.xml:64:9-66:37
75            android:name="unity.allow-resizable-window"
75-->[:unityLibrary] AndroidManifest.xml:65:13-56
76            android:value="False" />
76-->[:unityLibrary] AndroidManifest.xml:66:13-34
77        <meta-data
77-->[:unityLibrary] AndroidManifest.xml:67:9-69:50
78            android:name="notch.config"
78-->[:unityLibrary] AndroidManifest.xml:68:13-40
79            android:value="portrait|landscape" />
79-->[:unityLibrary] AndroidManifest.xml:69:13-47
80    </application>
81
82</manifest>